{"name": "test_additionPositiveFractionalNumbers_SuccessfulLoginAndValidResult", "status": "failed", "statusDetails": {"message": "AssertionError: assert ' ' == None", "trace": "self = <test_calc.TestCalculate object at 0x00000212CE080A40>\n\n    def test_additionPositiveFractionalNumbers_SuccessfulLoginAndValidResult(self):\n        logging.info('trying to log in as valid user')\n        self.login_page.log_in('admin', '123')\n        logging.info('trying to add up for positive numbers')\n        self.calculator_page.calc_add('0.5', '0.3')\n        logging.info('checking the receipt of the calculation result')\n        result_number = self.calculator_page.get_result()\n>       assert \" \" == result_number\nE       AssertionError: assert ' ' == None\n\ntest_calc.py:83: AssertionError"}, "attachments": [{"name": "log", "source": "cf12fa96-7903-4b52-8519-5b475c8d6e43-attachment.txt", "type": "text/plain"}, {"name": "stdout", "source": "7c9eb87e-0888-46c2-91af-a5c0722337ce-attachment.txt", "type": "text/plain"}], "start": 1745396720569, "stop": 1745396721091, "uuid": "8e13fd57-9460-4472-a59d-6b3404660bf6", "historyId": "79a6118d0db98bfc74200181ba69aca6", "testCaseId": "79a6118d0db98bfc74200181ba69aca6", "fullName": "tests.test_calc.TestCalculate#test_additionPositiveFractionalNumbers_SuccessfulLoginAndValidResult", "labels": [{"name": "parentSuite", "value": "tests"}, {"name": "suite", "value": "test_calc"}, {"name": "subSuite", "value": "TestCalculate"}, {"name": "host", "value": "User-PC"}, {"name": "thread", "value": "12092-MainThread"}, {"name": "framework", "value": "pytest"}, {"name": "language", "value": "cpython3"}, {"name": "package", "value": "tests.test_calc"}]}