{"name": "test_additionPositiveFractionalNumbers_SuccessfulLoginAndValidResult", "status": "failed", "statusDetails": {"message": "AssertionError: assert 0.8 == None", "trace": "self = <test_calc.TestCalculate object at 0x0000020162650980>\n\n    def test_additionPositiveFractionalNumbers_SuccessfulLoginAndValidResult(self):\n        logging.info('trying to log in as valid user')\n        self.login_page.log_in('admin', '123')\n        logging.info('trying to add up for positive numbers')\n        self.calculator_page.calc_add('0.5', '0.3')\n        logging.info('checking the receipt of the calculation result')\n        result_number = self.calculator_page.get_result()\n>       assert 0.8 == result_number\nE       assert 0.8 == None\n\ntest_calc.py:83: AssertionError"}, "attachments": [{"name": "log", "source": "813db964-c626-4674-8003-f451cc3792ef-attachment.txt", "type": "text/plain"}, {"name": "stdout", "source": "55c674a4-03d2-46f0-aebb-eaaab5d18cf5-attachment.txt", "type": "text/plain"}], "start": 1745396141281, "stop": 1745396142035, "uuid": "9fee2a14-a7a4-41c3-b050-320984c94171", "historyId": "79a6118d0db98bfc74200181ba69aca6", "testCaseId": "79a6118d0db98bfc74200181ba69aca6", "fullName": "tests.test_calc.TestCalculate#test_additionPositiveFractionalNumbers_SuccessfulLoginAndValidResult", "labels": [{"name": "parentSuite", "value": "tests"}, {"name": "suite", "value": "test_calc"}, {"name": "subSuite", "value": "TestCalculate"}, {"name": "host", "value": "User-PC"}, {"name": "thread", "value": "22376-MainThread"}, {"name": "framework", "value": "pytest"}, {"name": "language", "value": "cpython3"}, {"name": "package", "value": "tests.test_calc"}]}