{"name": "test_additionPositiveFractionalNumbers_SuccessfulLoginAndValidResult", "status": "failed", "statusDetails": {"message": "AssertionError: assert 0.8 == None", "trace": "self = <test_calc.TestCalculate object at 0x0000019307140AA0>\n\n    def test_additionPositiveFractionalNumbers_SuccessfulLoginAndValidResult(self):\n        logging.info('trying to log in as valid user')\n        self.login_page.log_in('admin', '123')\n        logging.info('trying to add up for positive numbers')\n        self.calculator_page.calc_add('0.5', '0.3')\n        logging.info('checking the receipt of the calculation result')\n        result_number = self.calculator_page.get_result()\n>       assert 0.8 == result_number\nE       assert 0.8 == None\n\ntest_calc.py:83: AssertionError"}, "attachments": [{"name": "log", "source": "fc3d09c2-cbd9-4909-bb57-0c0043e153b3-attachment.txt", "type": "text/plain"}, {"name": "stdout", "source": "e61feca2-2db8-4fa4-a977-1050cae95b1a-attachment.txt", "type": "text/plain"}], "start": 1745396034674, "stop": 1745396035201, "uuid": "2f5d2c1c-e9cf-45d2-bec1-4fb7a5ff06dc", "historyId": "79a6118d0db98bfc74200181ba69aca6", "testCaseId": "79a6118d0db98bfc74200181ba69aca6", "fullName": "tests.test_calc.TestCalculate#test_additionPositiveFractionalNumbers_SuccessfulLoginAndValidResult", "labels": [{"name": "parentSuite", "value": "tests"}, {"name": "suite", "value": "test_calc"}, {"name": "subSuite", "value": "TestCalculate"}, {"name": "host", "value": "User-PC"}, {"name": "thread", "value": "21912-MainThread"}, {"name": "framework", "value": "pytest"}, {"name": "language", "value": "cpython3"}, {"name": "package", "value": "tests.test_calc"}]}