{"name": "test_additionPositiveFractionalNumbers_SuccessfulLoginAndValidResult", "status": "failed", "statusDetails": {"message": "AssertionError: assert 0.8 == None", "trace": "self = <test_calc.TestCalculate object at 0x0000018FD1A205F0>\n\n    def test_additionPositiveFractionalNumbers_SuccessfulLoginAndValidResult(self):\n        logging.info('trying to log in as valid user')\n        self.login_page.log_in('admin', '123')\n        logging.info('trying to add up for positive numbers')\n        self.calculator_page.calc_add('0.5', '0.3')\n        logging.info('checking the receipt of the calculation result')\n        result_number = self.calculator_page.get_result()\n>       assert 0.8 == result_number\nE       assert 0.8 == None\n\ntest_calc.py:83: AssertionError"}, "attachments": [{"name": "log", "source": "bc363d2d-82d0-489d-9f73-baf792fca074-attachment.txt", "type": "text/plain"}, {"name": "stdout", "source": "7c917437-85a3-48d2-9a6e-049e4fe25665-attachment.txt", "type": "text/plain"}], "start": 1745396433699, "stop": 1745396434232, "uuid": "3ca9e895-ae49-432e-9617-aa11e95123b1", "historyId": "79a6118d0db98bfc74200181ba69aca6", "testCaseId": "79a6118d0db98bfc74200181ba69aca6", "fullName": "tests.test_calc.TestCalculate#test_additionPositiveFractionalNumbers_SuccessfulLoginAndValidResult", "labels": [{"name": "parentSuite", "value": "tests"}, {"name": "suite", "value": "test_calc"}, {"name": "subSuite", "value": "TestCalculate"}, {"name": "host", "value": "User-PC"}, {"name": "thread", "value": "22888-MainThread"}, {"name": "framework", "value": "pytest"}, {"name": "language", "value": "cpython3"}, {"name": "package", "value": "tests.test_calc"}]}