{"name": "test_additionPositiveNumbers_SuccessfulLoginAndValidResult", "status": "failed", "statusDetails": {"message": "AssertionError: assert 8 == None", "trace": "self = <test_calc.TestCalculate object at 0x00000213B6827800>\n\n    def test_additionPositiveNumbers_SuccessfulLoginAndValidResult(self):\n        logging.info('1')\n        self.login_page.log_in('admin','123')\n        logging.info('2')\n    \n        self.calculator_page.set_firstOperand('5')\n        logging.info('3')\n    \n    \n        self.calculator_page.set_secondOperand('8')\n        logging.info('4')\n        self.calculator_page.click_calc_button()\n        logging.info('3')\n        result = self.calculator_page.calc_result()\n>       assert 8 == result\nE       assert 8 == None\n\ntest_calc.py:54: AssertionError"}, "attachments": [{"name": "log", "source": "aa580ac9-de56-4d08-8871-8ab30cd02d8d-attachment.txt", "type": "text/plain"}], "start": 1745343768736, "stop": 1745343769252, "uuid": "ab474b85-04a7-4be4-8d03-4daacf4c2749", "historyId": "017c2c166afb58f0ef9ef9f053aa6151", "testCaseId": "017c2c166afb58f0ef9ef9f053aa6151", "fullName": "tests.test_calc.TestCalculate#test_additionPositiveNumbers_SuccessfulLoginAndValidResult", "labels": [{"name": "parentSuite", "value": "tests"}, {"name": "suite", "value": "test_calc"}, {"name": "subSuite", "value": "TestCalculate"}, {"name": "host", "value": "User-PC"}, {"name": "thread", "value": "20952-MainThread"}, {"name": "framework", "value": "pytest"}, {"name": "language", "value": "cpython3"}, {"name": "package", "value": "tests.test_calc"}]}